<?xml version="1.0" encoding="utf-8" standalone="no"?>
<test-run start-time="2016-11-10 02:42:19Z">
  <command-line><![CDATA["C:\Program Files (x86)\NUnit.org\nunit-console\nunit3-console.exe"  BuildArtifacts\TestSuits.dll --result=BuildArtifacts\TestResults.xml]]></command-line>
</test-run>